[debug] [2020-07-14T10:04:19.600Z] ----------------------------------------------------------------------
[debug] [2020-07-14T10:04:19.605Z] Command:       /usr/bin/node /usr/bin/firebase deploy
[debug] [2020-07-14T10:04:19.606Z] CLI Version:   8.5.0
[debug] [2020-07-14T10:04:19.606Z] Platform:      linux
[debug] [2020-07-14T10:04:19.606Z] Node Version:  v14.5.0
[debug] [2020-07-14T10:04:19.618Z] Time:          Tue Jul 14 2020 05:04:19 GMT-0500 (Colombia Standard Time)
[debug] [2020-07-14T10:04:19.618Z] ----------------------------------------------------------------------
[debug] [2020-07-14T10:04:19.619Z] 
[debug] [2020-07-14T10:04:20.097Z] > command requires scopes: ["email","openid","https://www.googleapis.com/auth/cloudplatformprojects.readonly","https://www.googleapis.com/auth/firebase","https://www.googleapis.com/auth/cloud-platform"]
[debug] [2020-07-14T10:04:20.098Z] > authorizing via signed-in user
[debug] [2020-07-14T10:04:20.099Z] [iam] checking project temp-marco for permissions ["firebase.projects.get","firebasehosting.sites.update"]
[debug] [2020-07-14T10:04:20.109Z] > refreshing access token with scopes: ["email","https://www.googleapis.com/auth/cloud-platform","https://www.googleapis.com/auth/cloudplatformprojects.readonly","https://www.googleapis.com/auth/firebase","openid"]
[debug] [2020-07-14T10:04:20.110Z] >>> HTTP REQUEST POST https://www.googleapis.com/oauth2/v3/token  
 <request body omitted>
[debug] [2020-07-14T10:04:20.563Z] <<< HTTP RESPONSE 200 {"content-type":"application/json; charset=utf-8","vary":"X-Origin, Referer, Origin,Accept-Encoding","date":"Tue, 14 Jul 2020 10:04:20 GMT","server":"scaffolding on HTTPServer2","cache-control":"private","x-xss-protection":"0","x-frame-options":"SAMEORIGIN","x-content-type-options":"nosniff","alt-svc":"h3-29=\":443\"; ma=2592000,h3-27=\":443\"; ma=2592000,h3-25=\":443\"; ma=2592000,h3-T050=\":443\"; ma=2592000,h3-Q050=\":443\"; ma=2592000,h3-Q046=\":443\"; ma=2592000,h3-Q043=\":443\"; ma=2592000,quic=\":443\"; ma=2592000; v=\"46,43\"","accept-ranges":"none","transfer-encoding":"chunked"}
[debug] [2020-07-14T10:04:21.187Z] >>> HTTP REQUEST POST https://cloudresourcemanager.googleapis.com/v1/projects/temp-marco:testIamPermissions  
 {"permissions":["firebase.projects.get","firebasehosting.sites.update"]}
[debug] [2020-07-14T10:04:21.967Z] <<< HTTP RESPONSE 200 {"content-type":"application/json; charset=UTF-8","vary":"X-Origin, Referer, Origin,Accept-Encoding","date":"Tue, 14 Jul 2020 10:04:21 GMT","server":"ESF","cache-control":"private","x-xss-protection":"0","x-frame-options":"SAMEORIGIN","x-content-type-options":"nosniff","server-timing":"gfet4t7; dur=460","alt-svc":"h3-29=\":443\"; ma=2592000,h3-27=\":443\"; ma=2592000,h3-25=\":443\"; ma=2592000,h3-T050=\":443\"; ma=2592000,h3-Q050=\":443\"; ma=2592000,h3-Q046=\":443\"; ma=2592000,h3-Q043=\":443\"; ma=2592000,quic=\":443\"; ma=2592000; v=\"46,43\"","accept-ranges":"none","transfer-encoding":"chunked"}
[debug] [2020-07-14T10:04:21.972Z] >>> HTTP REQUEST GET https://firebase.googleapis.com/v1beta1/projects/temp-marco  
 
[debug] [2020-07-14T10:04:22.508Z] <<< HTTP RESPONSE 200 {"content-type":"application/json; charset=UTF-8","vary":"X-Origin, Referer, Origin,Accept-Encoding","date":"Tue, 14 Jul 2020 10:04:22 GMT","server":"ESF","cache-control":"private","x-xss-protection":"0","x-frame-options":"SAMEORIGIN","x-content-type-options":"nosniff","alt-svc":"h3-29=\":443\"; ma=2592000,h3-27=\":443\"; ma=2592000,h3-25=\":443\"; ma=2592000,h3-T050=\":443\"; ma=2592000,h3-Q050=\":443\"; ma=2592000,h3-Q046=\":443\"; ma=2592000,h3-Q043=\":443\"; ma=2592000,quic=\":443\"; ma=2592000; v=\"46,43\"","accept-ranges":"none","transfer-encoding":"chunked"}
[info] 
[info] === Deploying to 'temp-marco'...
[info] 
[info] i  deploying hosting 
[debug] [2020-07-14T10:04:22.518Z] >>> HTTP REQUEST POST https://firebasehosting.googleapis.com/v1beta1/sites/temp-marco/versions  
 {"config":{},"labels":{"deployment-tool":"cli-firebase"}}
[debug] [2020-07-14T10:04:24.025Z] <<< HTTP RESPONSE 200 {"content-type":"application/json; charset=UTF-8","vary":"X-Origin, Referer, Origin,Accept-Encoding","date":"Tue, 14 Jul 2020 10:04:23 GMT","server":"ESF","cache-control":"private","x-xss-protection":"0","x-frame-options":"SAMEORIGIN","x-content-type-options":"nosniff","alt-svc":"h3-29=\":443\"; ma=2592000,h3-27=\":443\"; ma=2592000,h3-25=\":443\"; ma=2592000,h3-T050=\":443\"; ma=2592000,h3-Q050=\":443\"; ma=2592000,h3-Q046=\":443\"; ma=2592000,h3-Q043=\":443\"; ma=2592000,quic=\":443\"; ma=2592000; v=\"46,43\"","accept-ranges":"none","transfer-encoding":"chunked"}
[info] i  hosting[temp-marco]: beginning deploy... 
[info] i  hosting[temp-marco]: found 74 files in dist 
[debug] [2020-07-14T10:04:25.244Z] [hosting] hash cache [ZGlzdA] stored for 74 files
[debug] [2020-07-14T10:04:25.245Z] [hosting][hash queue][FINAL] {"max":704,"min":148,"avg":303.47297297297285,"active":0,"complete":74,"success":74,"errored":0,"retried":0,"total":74,"elapsed":1061}
[debug] [2020-07-14T10:04:25.247Z] >>> HTTP REQUEST POST https://firebasehosting.googleapis.com/v1beta1/sites/temp-marco/versions/734d6e936d577f7a:populateFiles  
 <request body omitted>
[debug] [2020-07-14T10:04:26.221Z] <<< HTTP RESPONSE 200 {"content-type":"application/json; charset=UTF-8","vary":"X-Origin, Referer, Origin,Accept-Encoding","date":"Tue, 14 Jul 2020 10:04:26 GMT","server":"ESF","cache-control":"private","x-xss-protection":"0","x-frame-options":"SAMEORIGIN","x-content-type-options":"nosniff","alt-svc":"h3-29=\":443\"; ma=2592000,h3-27=\":443\"; ma=2592000,h3-25=\":443\"; ma=2592000,h3-T050=\":443\"; ma=2592000,h3-Q050=\":443\"; ma=2592000,h3-Q046=\":443\"; ma=2592000,h3-Q043=\":443\"; ma=2592000,quic=\":443\"; ma=2592000; v=\"46,43\"","accept-ranges":"none","transfer-encoding":"chunked"}
[debug] [2020-07-14T10:04:26.294Z] [hosting][populate queue][FINAL] {"max":985,"min":985,"avg":985,"active":0,"complete":1,"success":1,"errored":0,"retried":0,"total":1,"elapsed":1052}
[debug] [2020-07-14T10:04:26.295Z] [hosting] uploads queued: 34
